<?xml version="1.0" encoding="UTF-8"?>
<testng-results ignored="0" total="1" passed="0" failed="1" skipped="0">
  <reporter-output>
  </reporter-output>
  <suite started-at="2023-04-09T16:52:51 IST" name="Default suite" finished-at="2023-04-09T16:53:45 IST" duration-ms="53712">
    <groups>
    </groups>
    <test started-at="2023-04-09T16:52:51 IST" name="Default test" finished-at="2023-04-09T16:53:45 IST" duration-ms="53712">
      <class name="com.Myntra23a.ProductTests">
        <test-method is-config="true" signature="setUpMethod()[pri:0, instance:com.Myntra23a.ProductTests@4659191b]" started-at="2023-04-09T16:52:51 IST" name="setUpMethod" finished-at="2023-04-09T16:53:08 IST" duration-ms="17287" status="PASS">
          <reporter-output>
          </reporter-output>
        </test-method> <!-- setUpMethod -->
        <test-method signature="verifysearchResultForPoloMen()[pri:0, instance:com.Myntra23a.ProductTests@4659191b]" started-at="2023-04-09T16:53:08 IST" name="verifysearchResultForPoloMen" finished-at="2023-04-09T16:53:43 IST" duration-ms="34849" status="FAIL">
          <exception class="java.lang.NullPointerException">
            <message>
              <![CDATA[inStream parameter is null]]>
            </message>
            <full-stacktrace>
              <![CDATA[java.lang.NullPointerException: inStream parameter is null
at java.base/java.util.Objects.requireNonNull(Objects.java:233)
at java.base/java.util.Properties.load(Properties.java:407)
at com.Myntra23a.Util.PropUtil.getValue(PropUtil.java:24)
at com.Myntra23a.Util.PropUtil.getLocator(PropUtil.java:38)
at com.Myntra23a.ProductTests.verifysearchResultForPoloMen(ProductTests.java:24)
at java.base/jdk.internal.reflect.NativeMethodAccessorImpl.invoke0(Native Method)
at java.base/jdk.internal.reflect.NativeMethodAccessorImpl.invoke(NativeMethodAccessorImpl.java:77)
at java.base/jdk.internal.reflect.DelegatingMethodAccessorImpl.invoke(DelegatingMethodAccessorImpl.java:43)
at java.base/java.lang.reflect.Method.invoke(Method.java:568)
at org.testng.internal.invokers.MethodInvocationHelper.invokeMethod(MethodInvocationHelper.java:139)
at org.testng.internal.invokers.TestInvoker.invokeMethod(TestInvoker.java:677)
at org.testng.internal.invokers.TestInvoker.invokeTestMethod(TestInvoker.java:221)
at org.testng.internal.invokers.MethodRunner.runInSequence(MethodRunner.java:50)
at org.testng.internal.invokers.TestInvoker$MethodInvocationAgent.invoke(TestInvoker.java:969)
at org.testng.internal.invokers.TestInvoker.invokeTestMethods(TestInvoker.java:194)
at org.testng.internal.invokers.TestMethodWorker.invokeTestMethods(TestMethodWorker.java:148)
at org.testng.internal.invokers.TestMethodWorker.run(TestMethodWorker.java:128)
at java.base/java.util.ArrayList.forEach(ArrayList.java:1511)
at org.testng.TestRunner.privateRun(TestRunner.java:829)
at org.testng.TestRunner.run(TestRunner.java:602)
at org.testng.SuiteRunner.runTest(SuiteRunner.java:437)
at org.testng.SuiteRunner.runSequentially(SuiteRunner.java:431)
at org.testng.SuiteRunner.privateRun(SuiteRunner.java:391)
at org.testng.SuiteRunner.run(SuiteRunner.java:330)
at org.testng.SuiteRunnerWorker.runSuite(SuiteRunnerWorker.java:52)
at org.testng.SuiteRunnerWorker.run(SuiteRunnerWorker.java:95)
at org.testng.TestNG.runSuitesSequentially(TestNG.java:1256)
at org.testng.TestNG.runSuitesLocally(TestNG.java:1176)
at org.testng.TestNG.runSuites(TestNG.java:1099)
at org.testng.TestNG.run(TestNG.java:1067)
at org.testng.remote.AbstractRemoteTestNG.run(AbstractRemoteTestNG.java:115)
at org.testng.remote.RemoteTestNG.initAndRun(RemoteTestNG.java:251)
at org.testng.remote.RemoteTestNG.main(RemoteTestNG.java:77)
]]>
            </full-stacktrace>
          </exception> <!-- java.lang.NullPointerException -->
          <reporter-output>
          </reporter-output>
        </test-method> <!-- verifysearchResultForPoloMen -->
        <test-method is-config="true" signature="tearDown()[pri:0, instance:com.Myntra23a.ProductTests@4659191b]" started-at="2023-04-09T16:53:43 IST" name="tearDown" finished-at="2023-04-09T16:53:45 IST" duration-ms="1438" status="PASS">
          <reporter-output>
          </reporter-output>
        </test-method> <!-- tearDown -->
      </class> <!-- com.Myntra23a.ProductTests -->
    </test> <!-- Default test -->
  </suite> <!-- Default suite -->
</testng-results>
